#
# There is insufficient memory for the Java Runtime Environment to continue.
# Native memory allocation (mmap) failed to map 134217728 bytes for G1 virtual space
# Possible reasons:
#   The system is out of physical RAM or swap space
#   The process is running with CompressedOops enabled, and the Java Heap may be blocking the growth of the native heap
# Possible solutions:
#   Reduce memory load on the system
#   Increase physical memory or swap space
#   Check if swap backing store is full
#   Decrease Java heap size (-Xmx/-Xms)
#   Decrease number of Java threads
#   Decrease Java thread stack sizes (-Xss)
#   Set larger code cache with -XX:ReservedCodeCacheSize=
#   JVM is running with Unscaled Compressed Oops mode in which the Java heap is
#     placed in the first 4GB address space. The Java Heap base address is the
#     maximum limit for the native heap growth. Please use -XX:HeapBaseMinAddress
#     to set the Java Heap base and to place the Java Heap above 4GB virtual address.
# This output file may be truncated or incomplete.
#
#  Out of Memory Error (os_windows.cpp:3541), pid=19180, tid=22584
#
# JRE version:  (17.0.4.1+1) (build )
# Java VM: OpenJDK 64-Bit Server VM (17.0.4.1+1, mixed mode, sharing, tiered, compressed oops, compressed class ptrs, g1 gc, windows-amd64)
# No core dump will be written. Minidumps are not enabled by default on client versions of Windows
#

---------------  S U M M A R Y ------------

Command Line: -Dfile.encoding=UTF-8 --module-path=C:\Users\Hp\OneDrive\Desktop\java start\Neebalgurukul\bin -XX:+ShowCodeDetailsInExceptionMessages -Djdk.module.main=Neebulgurukul Neebulgurukul/com.gurukul.day2.Expresion

Host: Intel(R) Core(TM) i5-8250U CPU @ 1.60GHz, 8 cores, 7G,  Windows 11 , 64 bit Build 22621 (10.0.22621.1928)
Time: Tue Jul 18 16:54:16 2023 India Standard Time elapsed time: 0.011012 seconds (0d 0h 0m 0s)

---------------  T H R E A D  ---------------

Current thread (0x0000020e8347e360):  JavaThread "Unknown thread" [_thread_in_vm, id=22584, stack(0x00000083b7300000,0x00000083b7400000)]

Stack: [0x00000083b7300000,0x00000083b7400000]
Native frames: (J=compiled Java code, j=interpreted, Vv=VM code, C=native code)
V  [jvm.dll+0x67731a]
V  [jvm.dll+0x832284]
V  [jvm.dll+0x833a2e]
V  [jvm.dll+0x834093]
V  [jvm.dll+0x245775]
V  [jvm.dll+0x674209]
V  [jvm.dll+0x668a92]
V  [jvm.dll+0x30471b]
V  [jvm.dll+0x30bc66]
V  [jvm.dll+0x35ba9e]
V  [jvm.dll+0x35bccf]
V  [jvm.dll+0x2db5b8]
V  [jvm.dll+0x2dc524]
V  [jvm.dll+0x803db1]
V  [jvm.dll+0x3698f1]
V  [jvm.dll+0x7e31bc]
V  [jvm.dll+0x3ec25f]
V  [jvm.dll+0x3edde1]
C  [jli.dll+0x5277]
C  [ucrtbase.dll+0x29363]
C  [KERNEL32.DLL+0x126ad]
C  [ntdll.dll+0x5aa68]


---------------  P R O C E S S  ---------------

Threads class SMR info:
_java_thread_list=0x00007ffdfd834e98, length=0, elements={
}

Java Threads: ( => current thread )

Other Threads:
  0x0000020e834d9610 GCTaskThread "GC Thread#0" [stack: 0x00000083b7400000,0x00000083b7500000] [id=20880]
  0x0000020e834eaad0 ConcurrentGCThread "G1 Main Marker" [stack: 0x00000083b7500000,0x00000083b7600000] [id=3148]
  0x0000020e834ec4f0 ConcurrentGCThread "G1 Conc#0" [stack: 0x00000083b7600000,0x00000083b7700000] [id=20316]

[error occurred during error reporting (printing all threads), id 0xc0000005, EXCEPTION_ACCESS_VIOLATION (0xc0000005) at pc=0x00007ffdfd00c047]

VM state: not at safepoint (not fully initialized)

VM Mutex/Monitor currently owned by a thread:  ([mutex/lock_event])
[0x0000020e83479420] Heap_lock - owner thread: 0x0000020e8347e360

Heap address: 0x0000000081c00000, size: 2020 MB, Compressed Oops mode: 32-bit

CDS archive(s) mapped at: [0x0000000000000000-0x0000000000000000-0x0000000000000000), size 0, SharedBaseAddress: 0x0000000800000000, ArchiveRelocationMode: 0.
Narrow klass base: 0x0000000000000000, Narrow klass shift: 0, Narrow klass range: 0x0

GC Precious Log:
<Empty>

Heap:
 garbage-first heap   total 0K, used 0K [0x0000000081c00000, 0x0000000100000000)
  region size 1024K, 0 young (0K), 0 survivors (0K)

[error occurred during error reporting (printing heap information), id 0xc0000005, EXCEPTION_ACCESS_VIOLATION (0xc0000005) at pc=0x00007ffdfd3f0699]

GC Heap History (0 events):
No events

Deoptimization events (0 events):
No events

Classes unloaded (0 events):
No events

Classes redefined (0 events):
No events

Internal exceptions (0 events):
No events

VM Operations (0 events):
No events

Events (1 events):
Event: 0.008 Loaded shared library F:\Importent\software\eclipse\plugins\org.eclipse.justj.openjdk.hotspot.jre.full.win32.x86_64_17.0.4.v20220903-1038\jre\bin\java.dll


Dynamic libraries:
0x00007ff6ef5c0000 - 0x00007ff6ef5ce000 	F:\Importent\software\eclipse\plugins\org.eclipse.justj.openjdk.hotspot.jre.full.win32.x86_64_17.0.4.v20220903-1038\jre\bin\javaw.exe
0x00007ffeb8f50000 - 0x00007ffeb9164000 	C:\WINDOWS\SYSTEM32\ntdll.dll
0x00007ffeb7c10000 - 0x00007ffeb7cd2000 	C:\WINDOWS\System32\KERNEL32.DLL
0x00007ffeb66f0000 - 0x00007ffeb6a93000 	C:\WINDOWS\System32\KERNELBASE.dll
0x00007ffeb33e0000 - 0x00007ffeb3477000 	C:\WINDOWS\SYSTEM32\apphelp.dll
0x00007ffeb6b60000 - 0x00007ffeb6c71000 	C:\WINDOWS\System32\ucrtbase.dll
0x00007ffe9db80000 - 0x00007ffe9db98000 	F:\Importent\software\eclipse\plugins\org.eclipse.justj.openjdk.hotspot.jre.full.win32.x86_64_17.0.4.v20220903-1038\jre\bin\jli.dll
0x00007ffe9db60000 - 0x00007ffe9db79000 	F:\Importent\software\eclipse\plugins\org.eclipse.justj.openjdk.hotspot.jre.full.win32.x86_64_17.0.4.v20220903-1038\jre\bin\VCRUNTIME140.dll
0x00007ffeb78c0000 - 0x00007ffeb7a6a000 	C:\WINDOWS\System32\USER32.dll
0x00007ffea40f0000 - 0x00007ffea437e000 	C:\WINDOWS\WinSxS\amd64_microsoft.windows.common-controls_6595b64144ccf1df_6.0.22621.1635_none_270f70857386168e\COMCTL32.dll
0x00007ffeb6d00000 - 0x00007ffeb6d26000 	C:\WINDOWS\System32\win32u.dll
0x00007ffeb84e0000 - 0x00007ffeb8587000 	C:\WINDOWS\System32\msvcrt.dll
0x00007ffeb8b30000 - 0x00007ffeb8b59000 	C:\WINDOWS\System32\GDI32.dll
0x00007ffeb6350000 - 0x00007ffeb6469000 	C:\WINDOWS\System32\gdi32full.dll
0x00007ffeb6650000 - 0x00007ffeb66ea000 	C:\WINDOWS\System32\msvcp_win.dll
0x00007ffeb8ec0000 - 0x00007ffeb8ef1000 	C:\WINDOWS\System32\IMM32.DLL
0x00007ffeb1140000 - 0x00007ffeb114c000 	F:\Importent\software\eclipse\plugins\org.eclipse.justj.openjdk.hotspot.jre.full.win32.x86_64_17.0.4.v20220903-1038\jre\bin\vcruntime140_1.dll
0x00007ffe7dcf0000 - 0x00007ffe7dd81000 	F:\Importent\software\eclipse\plugins\org.eclipse.justj.openjdk.hotspot.jre.full.win32.x86_64_17.0.4.v20220903-1038\jre\bin\msvcp140.dll
0x00007ffdfcd20000 - 0x00007ffdfd966000 	F:\Importent\software\eclipse\plugins\org.eclipse.justj.openjdk.hotspot.jre.full.win32.x86_64_17.0.4.v20220903-1038\jre\bin\server\jvm.dll
0x00007ffeb6ed0000 - 0x00007ffeb6f7e000 	C:\WINDOWS\System32\ADVAPI32.dll
0x00007ffeb7400000 - 0x00007ffeb74a4000 	C:\WINDOWS\System32\sechost.dll
0x00007ffeb7a80000 - 0x00007ffeb7b97000 	C:\WINDOWS\System32\RPCRT4.dll
0x00007ffeb8f00000 - 0x00007ffeb8f08000 	C:\WINDOWS\System32\PSAPI.DLL
0x00007ffeb3fa0000 - 0x00007ffeb3faa000 	C:\WINDOWS\SYSTEM32\VERSION.dll
0x00007ffeb01a0000 - 0x00007ffeb01a9000 	C:\WINDOWS\SYSTEM32\WSOCK32.dll
0x00007ffeb7840000 - 0x00007ffeb78b1000 	C:\WINDOWS\System32\WS2_32.dll
0x00007ffeaf150000 - 0x00007ffeaf184000 	C:\WINDOWS\SYSTEM32\WINMM.dll
0x00007ffeb5480000 - 0x00007ffeb5498000 	C:\WINDOWS\SYSTEM32\kernel.appcore.dll
0x00007ffeb1130000 - 0x00007ffeb113a000 	F:\Importent\software\eclipse\plugins\org.eclipse.justj.openjdk.hotspot.jre.full.win32.x86_64_17.0.4.v20220903-1038\jre\bin\jimage.dll
0x00007ffea03e0000 - 0x00007ffea060e000 	C:\WINDOWS\SYSTEM32\DBGHELP.DLL
0x00007ffeb74b0000 - 0x00007ffeb7839000 	C:\WINDOWS\System32\combase.dll
0x00007ffeb71f0000 - 0x00007ffeb72c7000 	C:\WINDOWS\System32\OLEAUT32.dll
0x00007ffeb4060000 - 0x00007ffeb4092000 	C:\WINDOWS\SYSTEM32\dbgcore.DLL
0x00007ffeb6c80000 - 0x00007ffeb6cfa000 	C:\WINDOWS\System32\bcryptPrimitives.dll
0x00007ffe3c530000 - 0x00007ffe3c555000 	F:\Importent\software\eclipse\plugins\org.eclipse.justj.openjdk.hotspot.jre.full.win32.x86_64_17.0.4.v20220903-1038\jre\bin\java.dll

dbghelp: loaded successfully - version: 4.0.5 - missing functions: none
symbol engine: initialized successfully - sym options: 0x614 - pdb path: .;F:\Importent\software\eclipse\plugins\org.eclipse.justj.openjdk.hotspot.jre.full.win32.x86_64_17.0.4.v20220903-1038\jre\bin;C:\WINDOWS\SYSTEM32;C:\WINDOWS\WinSxS\amd64_microsoft.windows.common-controls_6595b64144ccf1df_6.0.22621.1635_none_270f70857386168e;F:\Importent\software\eclipse\plugins\org.eclipse.justj.openjdk.hotspot.jre.full.win32.x86_64_17.0.4.v20220903-1038\jre\bin\server

VM Arguments:
jvm_args: -Dfile.encoding=UTF-8 --module-path=C:\Users\Hp\OneDrive\Desktop\java start\Neebalgurukul\bin -XX:+ShowCodeDetailsInExceptionMessages -Djdk.module.main=Neebulgurukul 
java_command: Neebulgurukul/com.gurukul.day2.Expresion
java_class_path (initial): <not set>
Launcher Type: SUN_STANDARD

[Global flags]
     intx CICompilerCount                          = 4                                         {product} {ergonomic}
     uint ConcGCThreads                            = 2                                         {product} {ergonomic}
     uint G1ConcRefinementThreads                  = 8                                         {product} {ergonomic}
   size_t G1HeapRegionSize                         = 1048576                                   {product} {ergonomic}
    uintx GCDrainStackTargetSize                   = 64                                        {product} {ergonomic}
   size_t InitialHeapSize                          = 134217728                                 {product} {ergonomic}
   size_t MarkStackSize                            = 4194304                                   {product} {ergonomic}
   size_t MaxHeapSize                              = 2118123520                                {product} {ergonomic}
   size_t MinHeapDeltaBytes                        = 1048576                                   {product} {ergonomic}
   size_t MinHeapSize                              = 8388608                                   {product} {ergonomic}
    uintx NonNMethodCodeHeapSize                   = 5839372                                {pd product} {ergonomic}
    uintx NonProfiledCodeHeapSize                  = 122909434                              {pd product} {ergonomic}
    uintx ProfiledCodeHeapSize                     = 122909434                              {pd product} {ergonomic}
    uintx ReservedCodeCacheSize                    = 251658240                              {pd product} {ergonomic}
     bool SegmentedCodeCache                       = true                                      {product} {ergonomic}
     bool ShowCodeDetailsInExceptionMessages       = true                                   {manageable} {command line}
   size_t SoftMaxHeapSize                          = 2118123520                             {manageable} {ergonomic}
     bool UseCompressedClassPointers               = true                           {product lp64_product} {ergonomic}
     bool UseCompressedOops                        = true                           {product lp64_product} {ergonomic}
     bool UseG1GC                                  = true                                      {product} {ergonomic}
     bool UseLargePagesIndividualAllocation        = false                                  {pd product} {ergonomic}

Logging:
Log output configuration:
 #0: stdout all=warning uptime,level,tags
 #1: stderr all=off uptime,level,tags

Environment Variables:
PATH=F:/Importent/software/eclipse//plugins/org.eclipse.justj.openjdk.hotspot.jre.full.win32.x86_64_17.0.4.v20220903-1038/jre/bin/server;F:/Importent/software/eclipse//plugins/org.eclipse.justj.openjdk.hotspot.jre.full.win32.x86_64_17.0.4.v20220903-1038/jre/bin;C:\WINDOWS\system32;C:\WINDOWS;C:\WINDOWS\System32\Wbem;C:\WINDOWS\System32\WindowsPowerShell\v1.0\;C:\WINDOWS\System32\OpenSSH\;C:\Program Files\nodejs\;C:\Program Files\dotnet\;C:\Users\Hp\anaconda3;C:\Users\Hp\anaconda3\Library\mingw-w64\bin;C:\Users\Hp\anaconda3\Library\usr\bin;C:\Users\Hp\anaconda3\Library\bin;C:\Users\Hp\anaconda3\Scripts;C:\Users\Hp\AppData\Local\Microsoft\WindowsApps;C:\Users\Hp\AppData\Local\Programs\Microsoft VS Code\bin;C:\Users\Hp\AppData\Roaming\npm;F:\Importent\software\eclipse;
USERNAME=Hp
OS=Windows_NT
PROCESSOR_IDENTIFIER=Intel64 Family 6 Model 142 Stepping 10, GenuineIntel
TMP=C:\Users\Hp\AppData\Local\Temp
TEMP=C:\Users\Hp\AppData\Local\Temp



---------------  S Y S T E M  ---------------

OS:
 Windows 11 , 64 bit Build 22621 (10.0.22621.1928)
OS uptime: 2 days 23:38 hours

CPU: total 8 (initial active 8) (4 cores per cpu, 2 threads per core) family 6 model 142 stepping 10 microcode 0xea, cx8, cmov, fxsr, ht, mmx, 3dnowpref, sse, sse2, sse3, ssse3, sse4.1, sse4.2, popcnt, lzcnt, tsc, tscinvbit, avx, avx2, aes, erms, clmul, bmi1, bmi2, adx, fma, vzeroupper, clflush, clflushopt

Memory: 4k page, system-wide physical 8078M (1173M free)
TotalPageFile size 32654M (AvailPageFile size 29M)
current process WorkingSet (physical memory assigned to process): 11M, peak: 11M
current process commit charge ("private bytes"): 60M, peak: 188M

vm_info: OpenJDK 64-Bit Server VM (17.0.4.1+1) for windows-amd64 JRE (17.0.4.1+1), built on Aug 17 2022 07:42:43 by "temurin" with MS VC++ 16.7 (VS2019)

END.
